# JRE version: OpenJDK Runtime Environment Temurin-25.0.2+10 (25.0.2+10) (build 25.0.2+10-LTS)
# Java VM: OpenJDK 64-Bit Server VM Temurin-25.0.2+10 (25.0.2+10-LTS, mixed mode, sharing, tiered, compressed oops, compressed class ptrs, g1 gc, windows-amd64)
GC Precious Log:
 CardTable entry size: 512
 Card Set container configuration: InlinePtr #cards 5 size 8 Array Of Cards #cards 10 size 36 Howl #buckets 4 coarsen threshold 1843 Howl Bitmap #cards 512 size 80 coarsen threshold 460 Card regions per heap region 1 cards per card region 2048
 CPUs: 8 total, 8 available
 Memory: 20229M
 Large Page Support: Disabled
 NUMA Support: Disabled
 Compressed Oops: Enabled (32-bit)
 Heap Region Size: 1M
 Heap Min Capacity: 8M
 Heap Initial Capacity: 256M
 Heap Max Capacity: 256M
 Pre-touch: Disabled
 Parallel Workers: 8
 Concurrent Workers: 2
 Concurrent Refinement Workers: 8
 Periodic GC: Disabled
Heap:
 garbage-first heap   total reserved 262144K, committed 105472K, used 82394K [0x00000000f0000000, 0x0000000100000000)
  region size 1024K, 43 young (44032K), 5 survivors (5120K)
GC Heap Usage History (20 events):
Event: 11.379 {heap Before GC invocations=15 (full 0):
 garbage-first heap   total reserved 262144K, committed 81920K, used 72819K [0x00000000f0000000, 0x0000000100000000)
  region size 1024K, 28 young (28672K), 3 survivors (3072K)
}
Event: 11.387 {heap After GC invocations=16 (full 0):
 garbage-first heap   total reserved 262144K, committed 81920K, used 47769K [0x00000000f0000000, 0x0000000100000000)
  region size 1024K, 3 young (3072K), 3 survivors (3072K)
}
Event: 11.556 {heap Before GC invocations=17 (full 0):
 garbage-first heap   total reserved 262144K, committed 81920K, used 72345K [0x00000000f0000000, 0x0000000100000000)
  region size 1024K, 29 young (29696K), 3 survivors (3072K)
}
Event: 11.561 {heap After GC invocations=18 (full 0):
 garbage-first heap   total reserved 262144K, committed 81920K, used 45478K [0x00000000f0000000, 0x0000000100000000)
  region size 1024K, 2 young (2048K), 2 survivors (2048K)
}
Event: 12.136 {heap Before GC invocations=18 (full 0):
 garbage-first heap   total reserved 262144K, committed 81920K, used 75174K [0x00000000f0000000, 0x0000000100000000)
  region size 1024K, 31 young (31744K), 2 survivors (2048K)
}
Event: 12.148 {heap After GC invocations=19 (full 0):
 garbage-first heap   total reserved 262144K, committed 81920K, used 45822K [0x00000000f0000000, 0x0000000100000000)
  region size 1024K, 4 young (4096K), 4 survivors (4096K)
}
Event: 12.640 {heap Before GC invocations=19 (full 0):
 garbage-first heap   total reserved 262144K, committed 81920K, used 70398K [0x00000000f0000000, 0x0000000100000000)
  region size 1024K, 29 young (29696K), 4 survivors (4096K)
}
Event: 12.653 {heap After GC invocations=20 (full 0):
 garbage-first heap   total reserved 262144K, committed 81920K, used 46258K [0x00000000f0000000, 0x0000000100000000)
  region size 1024K, 4 young (4096K), 4 survivors (4096K)
}
Event: 12.974 {heap Before GC invocations=21 (full 0):
 garbage-first heap   total reserved 262144K, committed 81920K, used 79026K [0x00000000f0000000, 0x0000000100000000)
  region size 1024K, 33 young (33792K), 4 survivors (4096K)
}
Event: 12.999 {heap After GC invocations=22 (full 0):
 garbage-first heap   total reserved 262144K, committed 96256K, used 60928K [0x00000000f0000000, 0x0000000100000000)
  region size 1024K, 5 young (5120K), 5 survivors (5120K)
}
Event: 13.560 {heap Before GC invocations=22 (full 0):
 garbage-first heap   total reserved 262144K, committed 96256K, used 82432K [0x00000000f0000000, 0x0000000100000000)
  region size 1024K, 27 young (27648K), 5 survivors (5120K)
}
Event: 13.580 {heap After GC invocations=23 (full 0):
 garbage-first heap   total reserved 262144K, committed 96256K, used 57283K [0x00000000f0000000, 0x0000000100000000)
  region size 1024K, 3 young (3072K), 3 survivors (3072K)
}
Event: 15.386 {heap Before GC invocations=23 (full 0):
 garbage-first heap   total reserved 262144K, committed 96256K, used 80835K [0x00000000f0000000, 0x0000000100000000)
  region size 1024K, 27 young (27648K), 3 survivors (3072K)
}
Event: 15.393 {heap After GC invocations=24 (full 0):
 garbage-first heap   total reserved 262144K, committed 96256K, used 57097K [0x00000000f0000000, 0x0000000100000000)
  region size 1024K, 3 young (3072K), 3 survivors (3072K)
}
Event: 31.942 {heap Before GC invocations=25 (full 0):
 garbage-first heap   total reserved 262144K, committed 97280K, used 82697K [0x00000000f0000000, 0x0000000100000000)
  region size 1024K, 29 young (29696K), 3 survivors (3072K)
}
Event: 31.950 {heap After GC invocations=26 (full 0):
 garbage-first heap   total reserved 262144K, committed 97280K, used 58288K [0x00000000f0000000, 0x0000000100000000)
  region size 1024K, 4 young (4096K), 4 survivors (4096K)
}
Event: 63.389 {heap Before GC invocations=26 (full 0):
 garbage-first heap   total reserved 262144K, committed 97280K, used 84912K [0x00000000f0000000, 0x0000000100000000)
  region size 1024K, 31 young (31744K), 4 survivors (4096K)
}
Event: 63.401 {heap After GC invocations=27 (full 0):
 garbage-first heap   total reserved 262144K, committed 97280K, used 47097K [0x00000000f0000000, 0x0000000100000000)
  region size 1024K, 3 young (3072K), 3 survivors (3072K)
}
Event: 63.857 {heap Before GC invocations=27 (full 0):
 garbage-first heap   total reserved 262144K, committed 97280K, used 96249K [0x00000000f0000000, 0x0000000100000000)
  region size 1024K, 27 young (27648K), 3 survivors (3072K)
}
Event: 63.868 {heap After GC invocations=28 (full 0):
 garbage-first heap   total reserved 262144K, committed 105472K, used 44506K [0x00000000f0000000, 0x0000000100000000)
  region size 1024K, 5 young (5120K), 5 survivors (5120K)
}

